This is pdfTeX, Version 3.1415926-1.40.10 (TeX Live 2009) (format=latex 2009.11.7)  2 FEB 2012 14:58
entering extended mode
 %&-line parsing enabled.
**developers_guide
(./developers_guide.tex
LaTeX2e <2009/09/24>
Babel <v3.8l> and hyphenation patterns for english, usenglishmax, dumylang, noh
yphenation, german-x-2009-06-19, ngerman-x-2009-06-19, ancientgreek, ibycus, ar
abic, basque, bulgarian, catalan, pinyin, coptic, croatian, czech, danish, dutc
h, esperanto, estonian, farsi, finnish, french, galician, german, ngerman, mono
greek, greek, hungarian, icelandic, indonesian, interlingua, irish, italian, ku
rmanji, latin, latvian, lithuanian, mongolian, mongolian2a, bokmal, nynorsk, po
lish, portuguese, romanian, russian, sanskrit, serbian, slovak, slovenian, span
ish, swedish, turkish, ukenglish, ukrainian, uppersorbian, welsh, loaded.
(/usr/local/texlive/2009/texmf-dist/tex/latex/base/book.cls
Document Class: book 2007/10/19 v1.4h Standard LaTeX document class
(/usr/local/texlive/2009/texmf-dist/tex/latex/base/bk11.clo
File: bk11.clo 2007/10/19 v1.4h Standard LaTeX file (size option)
)
\c@part=\count79
\c@chapter=\count80
\c@section=\count81
\c@subsection=\count82
\c@subsubsection=\count83
\c@paragraph=\count84
\c@subparagraph=\count85
\c@figure=\count86
\c@table=\count87
\abovecaptionskip=\skip41
\belowcaptionskip=\skip42
\bibindent=\dimen102
) (./html.sty

LaTeX Warning: You have requested package `',
               but the package provides `html'.

Package: html 1996/12/22 v1.1 hypertext commands for latex2html (nd, hws, rrm)
\c@lpart=\count88
\c@lchapter=\count89
\c@lsection=\count90
\c@lsubsection=\count91
\c@lsubsubsection=\count92
\c@lparagraph=\count93
\c@lsubparagraph=\count94
\c@lequation=\count95
\c@lsubsubparagraph=\count96
\ptrfile=\write3
) (./developers_guide.aux)
\openout1 = `developers_guide.aux'.

LaTeX Font Info:    Checking defaults for OML/cmm/m/it on input line 14.
LaTeX Font Info:    ... okay on input line 14.
LaTeX Font Info:    Checking defaults for T1/cmr/m/n on input line 14.
LaTeX Font Info:    ... okay on input line 14.
LaTeX Font Info:    Checking defaults for OT1/cmr/m/n on input line 14.
LaTeX Font Info:    ... okay on input line 14.
LaTeX Font Info:    Checking defaults for OMS/cmsy/m/n on input line 14.
LaTeX Font Info:    ... okay on input line 14.
LaTeX Font Info:    Checking defaults for OMX/cmex/m/n on input line 14.
LaTeX Font Info:    ... okay on input line 14.
LaTeX Font Info:    Checking defaults for U/cmr/m/n on input line 14.
LaTeX Font Info:    ... okay on input line 14.
 [1


] [2

] [1] (./developers_guide.toc
LaTeX Font Info:    External font `cmex10' loaded for size
(Font)              <10.95> on input line 2.
LaTeX Font Info:    External font `cmex10' loaded for size
(Font)              <8> on input line 2.
LaTeX Font Info:    External font `cmex10' loaded for size
(Font)              <6> on input line 2.
 [1

])
\tf@toc=\write4
\openout4 = `developers_guide.toc'.

 [1]
[2

]
Chapter 1.
[3]
LaTeX Font Info:    Try loading font information for OMS+cmr on input line 159.

 (/usr/local/texlive/2009/texmf-dist/tex/latex/base/omscmr.fd
File: omscmr.fd 1999/05/25 v2.5h Standard LaTeX font definitions
)
LaTeX Font Info:    Font shape `OMS/cmr/m/n' in size <10.95> not available
(Font)              Font shape `OMS/cmsy/m/n' tried instead on input line 159.
 [4] [5]
Overfull \hbox (46.25853pt too wide) in paragraph at lines 292--292
 []        \OT1/cmtt/m/n/10.95 #define TOOLSUB my_task_subroutine_name /* use a
ctual subroutine name here */[] 
 []

[6] [7] [8

]
Chapter 2.

Overfull \hbox (117.46748pt too wide) in paragraph at lines 368--373
[]\OT1/cmr/m/n/10.95 cfitsio: a stan-dard FITS file I/O li-brary de-vel-oped at
 the HEASARC. http://heasarc.gsfc.nasa.gov/docs/software/fitsio
 []


Underfull \hbox (badness 10000) in paragraph at lines 368--373

 []


Overfull \hbox (6.11314pt too wide) in paragraph at lines 397--402
[]\OT1/cmr/m/n/10.95 Astro-FITS-CFITSIO: a CFIT-SIO Perl mod-ule, dis-tributed 
by Pete Rat-zlaff (CfA). http://hea-
 []

[9] [10] [11]
Overfull \hbox (127.83543pt too wide) in paragraph at lines 602--602
 [] \OT1/cmtt/m/n/10.95 int HDcopy_keys(fitsfile *inptr, fitsfile *outptr, int 
docomments, int dohistory, int *status) 
 []

[12] [13] [14] [15]
Overfull \hbox (6.01772pt too wide) in paragraph at lines 845--845
 [] \OT1/cmtt/m/n/10.95 int SPcopyKeywords(char *infile, char *outfile, char *h
duname, int hdunumber) 
 []

[16]
Chapter 3.
[17

] [18] [19] [20] [21] [22]
Chapter 4.

Overfull \hbox (27.03687pt too wide) in paragraph at lines 1232--1246
[]\OT1/cmr/m/n/10.95 For con-ve-nience, sev-eral macros which wrap these func-t
ions are also pro-vided. The macros HD[]ERR[]SET,
 []


Underfull \vbox (badness 10000) has occurred while \output is active []

 [23

]
[24] [25] (./developers_guide.aux) ) 
Here is how much of TeX's memory you used:
 494 strings out of 493849
 5705 string characters out of 3149230
 56284 words of memory out of 3000000
 3835 multiletter control sequences out of 15000+200000
 9630 words of font info for 34 fonts, out of 3000000 for 9000
 714 hyphenation exceptions out of 8191
 23i,5n,19p,184b,401s stack positions out of 5000i,500n,10000p,200000b,50000s

Output written on developers_guide.dvi (29 pages, 81480 bytes).
