TeX Version 2.96.5.1, Sun Version
Copyright (c) 1989, 1988 by ArborText, Inc.  All rights reserved.
 (preloaded format=lplain 89.10.24)  12 NOV 1990 12:06
**&lplain tmp
(tmp.tex
LaTeX Version 2.09 <4 Aug 1988>
(/usr/share/local/tex/inputs/book.sty
Document Style `book' <26 Apr 88>.
(/usr/share/local/tex/inputs/bk11.sty)
\descriptionmargin=\dimen99
\c@part=\count78
\c@chapter=\count79
\c@section=\count80
\c@subsection=\count81
\c@subsubsection=\count82
\c@paragraph=\count83
\c@subparagraph=\count84
\c@figure=\count85
\c@table=\count86
)
No file tmp.aux.
(title.tex [1


]) [2] (tmp.aux) 
Here is how much of TeX's memory you used:
 153 strings out of 8395
 1471 string characters out of 129283
 10944 words of memory out of 65533
 2093 multiletter control sequences out of 9500
 106 words of font info for 73 fonts, out of 1024 for 255
 14 hyphenation exceptions out of 809
 12i,4n,15p,148b,153s stack positions out of 200i,40n,60p,2047b,2400s

Output written on tmp.dvi (2 pages, 3104 bytes).
